2026-07-09 09:39:20,309-INFOData extraction has started for sales data
2026-07-09 09:39:20,412-INFOData extraction completed for sales data
2026-07-09 09:39:20,412-INFOData extraction has started for product data
2026-07-09 09:39:20,441-INFOData extraction completed for product data
2026-07-09 09:39:20,441-INFOData extraction has started for inventory data
2026-07-09 09:39:20,574-INFOData extraction completed for inventory data
2026-07-09 09:39:20,575-INFOData extraction has started for supplier data
2026-07-09 09:39:20,610-INFOData extraction completed for supplier data
2026-07-09 14:36:57,125-INFOData extraction has started for stores data
2026-07-09 14:36:57,270-INFOData extraction completed for stores data
2026-07-09 14:45:44,251-INFOData extraction has started for stores data
2026-07-09 14:46:33,617-INFOData extraction has started for stores data
2026-07-09 14:46:33,749-INFOData extraction completed for stores data
2026-07-09 15:26:56,345-INFOData extraction has started for sales data
2026-07-09 15:26:56,498-INFOData extraction completed for sales data
2026-07-09 15:26:56,498-INFOData extraction has started for product data
2026-07-09 15:26:56,537-INFOData extraction completed for product data
2026-07-09 15:26:56,537-INFOData extraction has started for inventory data
2026-07-09 15:26:56,606-INFOData extraction completed for inventory data
2026-07-09 15:26:56,606-INFOData extraction has started for supplier data
2026-07-09 15:26:56,639-INFOData extraction completed for supplier data
2026-07-10 10:40:17,958-INFOFilter transformation has started for sales data
2026-07-10 10:40:17,998-ERRORError encountered while data extraction of sales data,Execution failed on sql 'select * from stag_sales where sales_date >= '2025-09-10'': (pymysql.err.ProgrammingError) (1146, "Table 'feb2026retaildwh.stag_sales' doesn't exist")
[SQL: select * from stag_sales where sales_date >= '2025-09-10']
(Background on this error at: https://sqlalche.me/e/20/f405),exc_info=True
2026-07-10 10:56:37,102-INFOFilter transformation has started for sales data
2026-07-10 10:56:37,172-INFOData extraction completed for sales data
2026-07-10 11:07:13,451-INFOFilter transformation has started for sales data
2026-07-10 11:07:13,507-INFOFilter transformation completed for sales data
2026-07-10 11:07:13,507-INFORouter transformation has started for high sales data
2026-07-10 11:07:13,525-INFORouter transformation completed for high sales data
2026-07-10 11:07:13,525-INFORouter transformation has started for low sales data
2026-07-10 11:07:13,530-ERRORError encountered while data extraction of sales data,Table 'high_sales' already exists.,exc_info=True
2026-07-10 11:08:36,995-INFOFilter transformation has started for sales data
2026-07-10 11:08:37,051-INFOFilter transformation completed for sales data
2026-07-10 11:08:37,051-INFORouter transformation has started for high sales data
2026-07-10 11:08:37,071-INFORouter transformation completed for high sales data
2026-07-10 11:08:37,071-INFORouter transformation has started for low sales data
2026-07-10 11:08:37,091-INFORouter transformation completed for low sales data
2026-07-12 16:06:50,489-INFOFilter transformation has started for sales data
2026-07-12 16:06:50,814-INFOFilter transformation completed for filtered sales data
2026-07-12 16:06:50,814-INFORouter transformation has started for high sales data
2026-07-12 16:06:50,833-INFORouter transformation completed for high sales data
2026-07-12 16:06:50,834-INFORouter transformation has started for low sales data
2026-07-12 16:06:50,850-INFORouter transformation completed for low sales data
2026-07-12 16:06:50,850-INFOJoiner transformation has started for sales data
2026-07-12 16:06:50,873-INFOJoiner transformation completed for sales data
2026-07-12 16:06:50,873-INFOAggregrator transformation has started for inventory data
2026-07-12 16:06:50,889-INFOAggregrator transformation completed for inventory data
2026-07-12 16:06:50,889-INFOAggregator transformation has started for sales data
2026-07-12 16:06:50,894-ERRORError encountered while data extraction of aggregator sales data,Table 'monthly_sales_summary_source' already exists.,exc_info=True
